# JRE version: OpenJDK Runtime Environment Temurin-17.0.2+8 (17.0.2+8) (build 17.0.2+8)
# Java VM: OpenJDK 64-Bit Server VM Temurin-17.0.2+8 (17.0.2+8, mixed mode, tiered, compressed oops, compressed class ptrs, parallel gc, windows-amd64)
GC Precious Log:
 CPUs: 8 total, 8 available
 Memory: 8033M
 Large Page Support: Disabled
 NUMA Support: Disabled
 Compressed Oops: Enabled (32-bit)
 Alignments: Space 512K, Generation 512K, Heap 2M
 Heap Min Capacity: 100M
 Heap Initial Capacity: 100M
 Heap Max Capacity: 1G
 Pre-touch: Disabled
 Parallel Workers: 8
Heap:
 PSYoungGen      total 19968K, used 5519K [0x00000000eab00000, 0x00000000ec600000, 0x0000000100000000)
  eden space 16384K, 12% used [0x00000000eab00000,0x00000000eacef4a0,0x00000000ebb00000)
  from space 3584K, 98% used [0x00000000ebb00000,0x00000000ebe749f0,0x00000000ebe80000)
  to   space 5632K, 0% used [0x00000000ec080000,0x00000000ec080000,0x00000000ec600000)
 ParOldGen       total 68608K, used 53216K [0x00000000c0000000, 0x00000000c4300000, 0x00000000eab00000)
  object space 68608K, 77% used [0x00000000c0000000,0x00000000c33f8190,0x00000000c4300000)
 Metaspace       used 52926K, committed 53760K, reserved 1097728K
  class space    used 5737K, committed 6080K, reserved 1048576K
GC Heap History (20 events):
Event: 10.358 GC heap before
{Heap before GC invocations=19 (full 2):
 PSYoungGen      total 22528K, used 22368K [0x00000000eab00000, 0x00000000ec400000, 0x0000000100000000)
  eden space 19968K, 100% used [0x00000000eab00000,0x00000000ebe80000,0x00000000ebe80000)
  from space 2560K, 93% used [0x00000000ec180000,0x00000000ec3d8010,0x00000000ec400000)
  to   space 2560K, 0% used [0x00000000ebf00000,0x00000000ebf00000,0x00000000ec180000)
 ParOldGen       total 68608K, used 29012K [0x00000000c0000000, 0x00000000c4300000, 0x00000000eab00000)
  object space 68608K, 42% used [0x00000000c0000000,0x00000000c1c55050,0x00000000c4300000)
 Metaspace       used 48709K, committed 49408K, reserved 1097728K
  class space    used 5324K, committed 5632K, reserved 1048576K
}
Event: 10.361 GC heap after
{Heap after GC invocations=19 (full 2):
 PSYoungGen      total 22016K, used 2016K [0x00000000eab00000, 0x00000000ec380000, 0x0000000100000000)
  eden space 19968K, 0% used [0x00000000eab00000,0x00000000eab00000,0x00000000ebe80000)
  from space 2048K, 98% used [0x00000000ebf00000,0x00000000ec0f8000,0x00000000ec100000)
  to   space 2560K, 0% used [0x00000000ec100000,0x00000000ec100000,0x00000000ec380000)
 ParOldGen       total 68608K, used 31298K [0x00000000c0000000, 0x00000000c4300000, 0x00000000eab00000)
  object space 68608K, 45% used [0x00000000c0000000,0x00000000c1e908e0,0x00000000c4300000)
 Metaspace       used 48709K, committed 49408K, reserved 1097728K
  class space    used 5324K, committed 5632K, reserved 1048576K
}
Event: 10.867 GC heap before
{Heap before GC invocations=20 (full 2):
 PSYoungGen      total 22016K, used 21984K [0x00000000eab00000, 0x00000000ec380000, 0x0000000100000000)
  eden space 19968K, 100% used [0x00000000eab00000,0x00000000ebe80000,0x00000000ebe80000)
  from space 2048K, 98% used [0x00000000ebf00000,0x00000000ec0f8000,0x00000000ec100000)
  to   space 2560K, 0% used [0x00000000ec100000,0x00000000ec100000,0x00000000ec380000)
 ParOldGen       total 68608K, used 31298K [0x00000000c0000000, 0x00000000c4300000, 0x00000000eab00000)
  object space 68608K, 45% used [0x00000000c0000000,0x00000000c1e908e0,0x00000000c4300000)
 Metaspace       used 49014K, committed 49856K, reserved 1097728K
  class space    used 5341K, committed 5696K, reserved 1048576K
}
Event: 10.870 GC heap after
{Heap after GC invocations=20 (full 2):
 PSYoungGen      total 21504K, used 1440K [0x00000000eab00000, 0x00000000ec280000, 0x0000000100000000)
  eden space 19968K, 0% used [0x00000000eab00000,0x00000000eab00000,0x00000000ebe80000)
  from space 1536K, 93% used [0x00000000ec100000,0x00000000ec268000,0x00000000ec280000)
  to   space 2048K, 0% used [0x00000000ebe80000,0x00000000ebe80000,0x00000000ec080000)
 ParOldGen       total 68608K, used 33162K [0x00000000c0000000, 0x00000000c4300000, 0x00000000eab00000)
  object space 68608K, 48% used [0x00000000c0000000,0x00000000c20628e0,0x00000000c4300000)
 Metaspace       used 49014K, committed 49856K, reserved 1097728K
  class space    used 5341K, committed 5696K, reserved 1048576K
}
Event: 11.194 GC heap before
{Heap before GC invocations=21 (full 2):
 PSYoungGen      total 21504K, used 21408K [0x00000000eab00000, 0x00000000ec280000, 0x0000000100000000)
  eden space 19968K, 100% used [0x00000000eab00000,0x00000000ebe80000,0x00000000ebe80000)
  from space 1536K, 93% used [0x00000000ec100000,0x00000000ec268000,0x00000000ec280000)
  to   space 2048K, 0% used [0x00000000ebe80000,0x00000000ebe80000,0x00000000ec080000)
 ParOldGen       total 68608K, used 33162K [0x00000000c0000000, 0x00000000c4300000, 0x00000000eab00000)
  object space 68608K, 48% used [0x00000000c0000000,0x00000000c20628e0,0x00000000c4300000)
 Metaspace       used 49035K, committed 49856K, reserved 1097728K
  class space    used 5342K, committed 5696K, reserved 1048576K
}
Event: 11.196 GC heap after
{Heap after GC invocations=21 (full 2):
 PSYoungGen      total 22016K, used 160K [0x00000000eab00000, 0x00000000ec180000, 0x0000000100000000)
  eden space 19968K, 0% used [0x00000000eab00000,0x00000000eab00000,0x00000000ebe80000)
  from space 2048K, 7% used [0x00000000ebe80000,0x00000000ebea8000,0x00000000ec080000)
  to   space 1024K, 0% used [0x00000000ec080000,0x00000000ec080000,0x00000000ec180000)
 ParOldGen       total 68608K, used 34490K [0x00000000c0000000, 0x00000000c4300000, 0x00000000eab00000)
  object space 68608K, 50% used [0x00000000c0000000,0x00000000c21ae8e0,0x00000000c4300000)
 Metaspace       used 49035K, committed 49856K, reserved 1097728K
  class space    used 5342K, committed 5696K, reserved 1048576K
}
Event: 11.579 GC heap before
{Heap before GC invocations=22 (full 2):
 PSYoungGen      total 22016K, used 20128K [0x00000000eab00000, 0x00000000ec180000, 0x0000000100000000)
  eden space 19968K, 100% used [0x00000000eab00000,0x00000000ebe80000,0x00000000ebe80000)
  from space 2048K, 7% used [0x00000000ebe80000,0x00000000ebea8000,0x00000000ec080000)
  to   space 1024K, 0% used [0x00000000ec080000,0x00000000ec080000,0x00000000ec180000)
 ParOldGen       total 68608K, used 34490K [0x00000000c0000000, 0x00000000c4300000, 0x00000000eab00000)
  object space 68608K, 50% used [0x00000000c0000000,0x00000000c21ae8e0,0x00000000c4300000)
 Metaspace       used 49270K, committed 50048K, reserved 1097728K
  class space    used 5376K, committed 5696K, reserved 1048576K
}
Event: 11.580 GC heap after
{Heap after GC invocations=22 (full 2):
 PSYoungGen      total 20480K, used 320K [0x00000000eab00000, 0x00000000ec100000, 0x0000000100000000)
  eden space 19968K, 0% used [0x00000000eab00000,0x00000000eab00000,0x00000000ebe80000)
  from space 512K, 62% used [0x00000000ec080000,0x00000000ec0d0000,0x00000000ec100000)
  to   space 512K, 0% used [0x00000000ec000000,0x00000000ec000000,0x00000000ec080000)
 ParOldGen       total 68608K, used 34554K [0x00000000c0000000, 0x00000000c4300000, 0x00000000eab00000)
  object space 68608K, 50% used [0x00000000c0000000,0x00000000c21be8e0,0x00000000c4300000)
 Metaspace       used 49270K, committed 50048K, reserved 1097728K
  class space    used 5376K, committed 5696K, reserved 1048576K
}
Event: 11.836 GC heap before
{Heap before GC invocations=23 (full 2):
 PSYoungGen      total 20480K, used 20288K [0x00000000eab00000, 0x00000000ec100000, 0x0000000100000000)
  eden space 19968K, 100% used [0x00000000eab00000,0x00000000ebe80000,0x00000000ebe80000)
  from space 512K, 62% used [0x00000000ec080000,0x00000000ec0d0000,0x00000000ec100000)
  to   space 512K, 0% used [0x00000000ec000000,0x00000000ec000000,0x00000000ec080000)
 ParOldGen       total 68608K, used 34554K [0x00000000c0000000, 0x00000000c4300000, 0x00000000eab00000)
  object space 68608K, 50% used [0x00000000c0000000,0x00000000c21be8e0,0x00000000c4300000)
 Metaspace       used 50586K, committed 51328K, reserved 1097728K
  class space    used 5514K, committed 5824K, reserved 1048576K
}
Event: 11.838 GC heap after
{Heap after GC invocations=23 (full 2):
 PSYoungGen      total 20480K, used 505K [0x00000000eab00000, 0x00000000ec280000, 0x0000000100000000)
  eden space 19968K, 0% used [0x00000000eab00000,0x00000000eab00000,0x00000000ebe80000)
  from space 512K, 98% used [0x00000000ec000000,0x00000000ec07e470,0x00000000ec080000)
  to   space 2048K, 0% used [0x00000000ec080000,0x00000000ec080000,0x00000000ec280000)
 ParOldGen       total 68608K, used 35622K [0x00000000c0000000, 0x00000000c4300000, 0x00000000eab00000)
  object space 68608K, 51% used [0x00000000c0000000,0x00000000c22c9ae8,0x00000000c4300000)
 Metaspace       used 50586K, committed 51328K, reserved 1097728K
  class space    used 5514K, committed 5824K, reserved 1048576K
}
Event: 11.925 GC heap before
{Heap before GC invocations=24 (full 2):
 PSYoungGen      total 20480K, used 20473K [0x00000000eab00000, 0x00000000ec280000, 0x0000000100000000)
  eden space 19968K, 100% used [0x00000000eab00000,0x00000000ebe80000,0x00000000ebe80000)
  from space 512K, 98% used [0x00000000ec000000,0x00000000ec07e470,0x00000000ec080000)
  to   space 2048K, 0% used [0x00000000ec080000,0x00000000ec080000,0x00000000ec280000)
 ParOldGen       total 68608K, used 35622K [0x00000000c0000000, 0x00000000c4300000, 0x00000000eab00000)
  object space 68608K, 51% used [0x00000000c0000000,0x00000000c22c9ae8,0x00000000c4300000)
 Metaspace       used 50645K, committed 51392K, reserved 1097728K
  class space    used 5516K, committed 5824K, reserved 1048576K
}
Event: 11.927 GC heap after
{Heap after GC invocations=24 (full 2):
 PSYoungGen      total 21504K, used 1298K [0x00000000eab00000, 0x00000000ec200000, 0x0000000100000000)
  eden space 19968K, 0% used [0x00000000eab00000,0x00000000eab00000,0x00000000ebe80000)
  from space 1536K, 84% used [0x00000000ec080000,0x00000000ec1c48c8,0x00000000ec200000)
  to   space 1536K, 0% used [0x00000000ebf00000,0x00000000ebf00000,0x00000000ec080000)
 ParOldGen       total 68608K, used 36019K [0x00000000c0000000, 0x00000000c4300000, 0x00000000eab00000)
  object space 68608K, 52% used [0x00000000c0000000,0x00000000c232cc60,0x00000000c4300000)
 Metaspace       used 50645K, committed 51392K, reserved 1097728K
  class space    used 5516K, committed 5824K, reserved 1048576K
}
Event: 12.092 GC heap before
{Heap before GC invocations=25 (full 2):
 PSYoungGen      total 21504K, used 21266K [0x00000000eab00000, 0x00000000ec200000, 0x0000000100000000)
  eden space 19968K, 100% used [0x00000000eab00000,0x00000000ebe80000,0x00000000ebe80000)
  from space 1536K, 84% used [0x00000000ec080000,0x00000000ec1c48c8,0x00000000ec200000)
  to   space 1536K, 0% used [0x00000000ebf00000,0x00000000ebf00000,0x00000000ec080000)
 ParOldGen       total 68608K, used 36019K [0x00000000c0000000, 0x00000000c4300000, 0x00000000eab00000)
  object space 68608K, 52% used [0x00000000c0000000,0x00000000c232cc60,0x00000000c4300000)
 Metaspace       used 52428K, committed 53184K, reserved 1097728K
  class space    used 5678K, committed 6016K, reserved 1048576K
}
Event: 12.095 GC heap after
{Heap after GC invocations=25 (full 2):
 PSYoungGen      total 21504K, used 1522K [0x00000000eab00000, 0x00000000eca80000, 0x0000000100000000)
  eden space 19968K, 0% used [0x00000000eab00000,0x00000000eab00000,0x00000000ebe80000)
  from space 1536K, 99% used [0x00000000ebf00000,0x00000000ec07ca08,0x00000000ec080000)
  to   space 6144K, 0% used [0x00000000ec480000,0x00000000ec480000,0x00000000eca80000)
 ParOldGen       total 68608K, used 39702K [0x00000000c0000000, 0x00000000c4300000, 0x00000000eab00000)
  object space 68608K, 57% used [0x00000000c0000000,0x00000000c26c59b8,0x00000000c4300000)
 Metaspace       used 52428K, committed 53184K, reserved 1097728K
  class space    used 5678K, committed 6016K, reserved 1048576K
}
Event: 12.341 GC heap before
{Heap before GC invocations=26 (full 2):
 PSYoungGen      total 21504K, used 21490K [0x00000000eab00000, 0x00000000eca80000, 0x0000000100000000)
  eden space 19968K, 100% used [0x00000000eab00000,0x00000000ebe80000,0x00000000ebe80000)
  from space 1536K, 99% used [0x00000000ebf00000,0x00000000ec07ca08,0x00000000ec080000)
  to   space 6144K, 0% used [0x00000000ec480000,0x00000000ec480000,0x00000000eca80000)
 ParOldGen       total 68608K, used 39702K [0x00000000c0000000, 0x00000000c4300000, 0x00000000eab00000)
  object space 68608K, 57% used [0x00000000c0000000,0x00000000c26c59b8,0x00000000c4300000)
 Metaspace       used 52906K, committed 53696K, reserved 1097728K
  class space    used 5737K, committed 6080K, reserved 1048576K
}
Event: 12.345 GC heap after
{Heap after GC invocations=26 (full 2):
 PSYoungGen      total 24064K, used 3913K [0x00000000eab00000, 0x00000000ec880000, 0x0000000100000000)
  eden space 19968K, 0% used [0x00000000eab00000,0x00000000eab00000,0x00000000ebe80000)
  from space 4096K, 95% used [0x00000000ec480000,0x00000000ec8524b8,0x00000000ec880000)
  to   space 4608K, 0% used [0x00000000ebf80000,0x00000000ebf80000,0x00000000ec400000)
 ParOldGen       total 68608K, used 41023K [0x00000000c0000000, 0x00000000c4300000, 0x00000000eab00000)
  object space 68608K, 59% used [0x00000000c0000000,0x00000000c280fe60,0x00000000c4300000)
 Metaspace       used 52906K, committed 53696K, reserved 1097728K
  class space    used 5737K, committed 6080K, reserved 1048576K
}
Event: 12.574 GC heap before
{Heap before GC invocations=27 (full 2):
 PSYoungGen      total 24064K, used 23881K [0x00000000eab00000, 0x00000000ec880000, 0x0000000100000000)
  eden space 19968K, 100% used [0x00000000eab00000,0x00000000ebe80000,0x00000000ebe80000)
  from space 4096K, 95% used [0x00000000ec480000,0x00000000ec8524b8,0x00000000ec880000)
  to   space 4608K, 0% used [0x00000000ebf80000,0x00000000ebf80000,0x00000000ec400000)
 ParOldGen       total 68608K, used 41023K [0x00000000c0000000, 0x00000000c4300000, 0x00000000eab00000)
  object space 68608K, 59% used [0x00000000c0000000,0x00000000c280fe60,0x00000000c4300000)
 Metaspace       used 52920K, committed 53760K, reserved 1097728K
  class space    used 5737K, committed 6080K, reserved 1048576K
}
Event: 12.578 GC heap after
{Heap after GC invocations=27 (full 2):
 PSYoungGen      total 24576K, used 4175K [0x00000000eab00000, 0x00000000ec780000, 0x0000000100000000)
  eden space 19968K, 0% used [0x00000000eab00000,0x00000000eab00000,0x00000000ebe80000)
  from space 4608K, 90% used [0x00000000ebf80000,0x00000000ec393f68,0x00000000ec400000)
  to   space 3584K, 0% used [0x00000000ec400000,0x00000000ec400000,0x00000000ec780000)
 ParOldGen       total 68608K, used 44736K [0x00000000c0000000, 0x00000000c4300000, 0x00000000eab00000)
  object space 68608K, 65% used [0x00000000c0000000,0x00000000c2bb0330,0x00000000c4300000)
 Metaspace       used 52920K, committed 53760K, reserved 1097728K
  class space    used 5737K, committed 6080K, reserved 1048576K
}
Event: 12.970 GC heap before
{Heap before GC invocations=28 (full 2):
 PSYoungGen      total 24576K, used 24143K [0x00000000eab00000, 0x00000000ec780000, 0x0000000100000000)
  eden space 19968K, 100% used [0x00000000eab00000,0x00000000ebe80000,0x00000000ebe80000)
  from space 4608K, 90% used [0x00000000ebf80000,0x00000000ec393f68,0x00000000ec400000)
  to   space 3584K, 0% used [0x00000000ec400000,0x00000000ec400000,0x00000000ec780000)
 ParOldGen       total 68608K, used 44736K [0x00000000c0000000, 0x00000000c4300000, 0x00000000eab00000)
  object space 68608K, 65% used [0x00000000c0000000,0x00000000c2bb0330,0x00000000c4300000)
 Metaspace       used 52921K, committed 53760K, reserved 1097728K
  class space    used 5737K, committed 6080K, reserved 1048576K
}
Event: 12.973 GC heap after
{Heap after GC invocations=28 (full 2):
 PSYoungGen      total 19968K, used 3557K [0x00000000eab00000, 0x00000000ed080000, 0x0000000100000000)
  eden space 16384K, 0% used [0x00000000eab00000,0x00000000eab00000,0x00000000ebb00000)
  from space 3584K, 99% used [0x00000000ec400000,0x00000000ec7796b8,0x00000000ec780000)
  to   space 9216K, 0% used [0x00000000ebb00000,0x00000000ebb00000,0x00000000ec400000)
 ParOldGen       total 68608K, used 49618K [0x00000000c0000000, 0x00000000c4300000, 0x00000000eab00000)
  object space 68608K, 72% used [0x00000000c0000000,0x00000000c3074b00,0x00000000c4300000)
 Metaspace       used 52921K, committed 53760K, reserved 1097728K
  class space    used 5737K, committed 6080K, reserved 1048576K
}

